{"/Users/development/Desktop/Coally/backend/src/app.ts": {"path":"/Users/development/Desktop/Coally/backend/src/app.ts","statementMap":{"0":{"start":{"line":1,"column":0},"end":{"line":1,"column":30}},"1":{"start":{"line":2,"column":0},"end":{"line":2,"column":24}},"2":{"start":{"line":3,"column":0},"end":{"line":3,"column":62}},"3":{"start":{"line":4,"column":0},"end":{"line":4,"column":66}},"4":{"start":{"line":5,"column":0},"end":{"line":5,"column":66}},"5":{"start":{"line":6,"column":0},"end":{"line":6,"column":41}},"6":{"start":{"line":7,"column":0},"end":{"line":7,"column":43}},"7":{"start":{"line":8,"column":0},"end":{"line":8,"column":61}},"8":{"start":{"line":9,"column":0},"end":{"line":9,"column":66}},"9":{"start":{"line":10,"column":0},"end":{"line":10,"column":23}},"10":{"start":{"line":12,"column":12},"end":{"line":12,"column":21}},"11":{"start":{"line":13,"column":14},"end":{"line":13,"column":35}},"12":{"start":{"line":14,"column":25},"end":{"line":17,"column":2}},"13":{"start":{"line":19,"column":13},"end":{"line":19,"column":37}},"14":{"start":{"line":21,"column":0},"end":{"line":21,"column":16}},"15":{"start":{"line":22,"column":0},"end":{"line":22,"column":24}},"16":{"start":{"line":23,"column":0},"end":{"line":23,"column":30}},"17":{"start":{"line":24,"column":0},"end":{"line":24,"column":30}},"18":{"start":{"line":25,"column":0},"end":{"line":25,"column":83}},"19":{"start":{"line":28,"column":0},"end":{"line":32,"column":3}},"20":{"start":{"line":29,"column":2},"end":{"line":31,"column":59}},"21":{"start":{"line":34,"column":0},"end":{"line":34,"column":9}},"22":{"start":{"line":36,"column":0},"end":{"line":36,"column":19}}},"fnMap":{"0":{"name":"(anonymous_1)","decl":{"start":{"line":28,"column":17},"end":{"line":28,"column":20}},"loc":{"start":{"line":28,"column":22},"end":{"line":32,"column":1}}}},"branchMap":{"0":{"loc":{"start":{"line":19,"column":13},"end":{"line":19,"column":37}},"type":"binary-expr","locations":[{"start":{"line":19,"column":13},"end":{"line":19,"column":29}},{"start":{"line":19,"column":33},"end":{"line":19,"column":37}}]},"1":{"loc":{"start":{"line":29,"column":2},"end":{"line":31,"column":58}},"type":"cond-expr","locations":[{"start":{"line":30,"column":6},"end":{"line":30,"column":59}},{"start":{"line":31,"column":6},"end":{"line":31,"column":58}}]}},"s":{"0":1,"1":1,"2":1,"3":1,"4":1,"5":1,"6":1,"7":1,"8":1,"9":1,"10":1,"11":1,"12":1,"13":1,"14":1,"15":1,"16":1,"17":1,"18":1,"19":1,"20":1,"21":1,"22":1},"f":{"0":1},"b":{"0":[1,1],"1":[0,1]}}
,"/Users/development/Desktop/Coally/backend/src/task/application/taskUseCase.ts": {"path":"/Users/development/Desktop/Coally/backend/src/task/application/taskUseCase.ts","statementMap":{"0":{"start":{"line":5,"column":31},"end":{"line":5,"column":61}},"1":{"start":{"line":8,"column":24},"end":{"line":8,"column":62}},"2":{"start":{"line":9,"column":4},"end":{"line":9,"column":23}},"3":{"start":{"line":13,"column":18},"end":{"line":13,"column":49}},"4":{"start":{"line":14,"column":4},"end":{"line":14,"column":17}},"5":{"start":{"line":18,"column":24},"end":{"line":18,"column":66}},"6":{"start":{"line":19,"column":4},"end":{"line":19,"column":23}},"7":{"start":{"line":23,"column":17},"end":{"line":23,"column":54}},"8":{"start":{"line":24,"column":4},"end":{"line":24,"column":16}},"9":{"start":{"line":28,"column":17},"end":{"line":28,"column":53}},"10":{"start":{"line":29,"column":4},"end":{"line":29,"column":16}},"11":{"start":{"line":4,"column":0},"end":{"line":4,"column":13}}},"fnMap":{"0":{"name":"(anonymous_7)","decl":{"start":{"line":5,"column":2},"end":{"line":5,"column":31}},"loc":{"start":{"line":5,"column":61},"end":{"line":5,"column":65}}},"1":{"name":"(anonymous_8)","decl":{"start":{"line":7,"column":8},"end":{"line":7,"column":14}},"loc":{"start":{"line":7,"column":32},"end":{"line":10,"column":null}}},"2":{"name":"(anonymous_10)","decl":{"start":{"line":12,"column":8},"end":{"line":12,"column":11}},"loc":{"start":{"line":12,"column":11},"end":{"line":15,"column":null}}},"3":{"name":"(anonymous_12)","decl":{"start":{"line":17,"column":8},"end":{"line":17,"column":14}},"loc":{"start":{"line":17,"column":44},"end":{"line":20,"column":null}}},"4":{"name":"(anonymous_14)","decl":{"start":{"line":22,"column":8},"end":{"line":22,"column":15}},"loc":{"start":{"line":22,"column":26},"end":{"line":25,"column":null}}},"5":{"name":"(anonymous_16)","decl":{"start":{"line":27,"column":8},"end":{"line":27,"column":14}},"loc":{"start":{"line":27,"column":25},"end":{"line":30,"column":null}}}},"branchMap":{},"s":{"0":1,"1":5,"2":4,"3":1,"4":1,"5":0,"6":0,"7":1,"8":1,"9":1,"10":1,"11":1},"f":{"0":1,"1":5,"2":1,"3":0,"4":1,"5":1},"b":{}}
,"/Users/development/Desktop/Coally/backend/src/task/infrastructure/controllers/task.ctrl.ts": {"path":"/Users/development/Desktop/Coally/backend/src/task/infrastructure/controllers/task.ctrl.ts","statementMap":{"0":{"start":{"line":3,"column":0},"end":{"line":3,"column":60}},"1":{"start":{"line":7,"column":21},"end":{"line":7,"column":45}},"2":{"start":{"line":8,"column":21},"end":{"line":8,"column":50}},"3":{"start":{"line":11,"column":9},"end":{"line":24,"column":4}},"4":{"start":{"line":11,"column":70},"end":{"line":24,"column":4}},"5":{"start":{"line":12,"column":4},"end":{"line":23,"column":5}},"6":{"start":{"line":13,"column":23},"end":{"line":13,"column":26}},"7":{"start":{"line":14,"column":19},"end":{"line":14,"column":54}},"8":{"start":{"line":15,"column":6},"end":{"line":17,"column":7}},"9":{"start":{"line":16,"column":8},"end":{"line":16,"column":69}},"10":{"start":{"line":18,"column":6},"end":{"line":18,"column":45}},"11":{"start":{"line":20,"column":6},"end":{"line":22,"column":7}},"12":{"start":{"line":21,"column":8},"end":{"line":21,"column":51}},"13":{"start":{"line":27,"column":9},"end":{"line":38,"column":4}},"14":{"start":{"line":27,"column":67},"end":{"line":38,"column":4}},"15":{"start":{"line":28,"column":4},"end":{"line":37,"column":5}},"16":{"start":{"line":29,"column":20},"end":{"line":29,"column":48}},"17":{"start":{"line":30,"column":6},"end":{"line":32,"column":7}},"18":{"start":{"line":31,"column":8},"end":{"line":31,"column":66}},"19":{"start":{"line":34,"column":6},"end":{"line":34,"column":46}},"20":{"start":{"line":36,"column":6},"end":{"line":36,"column":49}},"21":{"start":{"line":40,"column":9},"end":{"line":53,"column":4}},"22":{"start":{"line":40,"column":70},"end":{"line":53,"column":4}},"23":{"start":{"line":41,"column":4},"end":{"line":52,"column":5}},"24":{"start":{"line":42,"column":31},"end":{"line":42,"column":34}},"25":{"start":{"line":44,"column":24},"end":{"line":44,"column":65}},"26":{"start":{"line":45,"column":6},"end":{"line":47,"column":7}},"27":{"start":{"line":46,"column":8},"end":{"line":46,"column":65}},"28":{"start":{"line":48,"column":19},"end":{"line":48,"column":65}},"29":{"start":{"line":49,"column":6},"end":{"line":49,"column":45}},"30":{"start":{"line":51,"column":6},"end":{"line":51,"column":49}},"31":{"start":{"line":55,"column":9},"end":{"line":66,"column":4}},"32":{"start":{"line":55,"column":71},"end":{"line":66,"column":4}},"33":{"start":{"line":56,"column":4},"end":{"line":65,"column":5}},"34":{"start":{"line":57,"column":25},"end":{"line":57,"column":28}},"35":{"start":{"line":58,"column":19},"end":{"line":58,"column":60}},"36":{"start":{"line":59,"column":6},"end":{"line":61,"column":7}},"37":{"start":{"line":60,"column":8},"end":{"line":60,"column":65}},"38":{"start":{"line":62,"column":6},"end":{"line":62,"column":45}},"39":{"start":{"line":64,"column":6},"end":{"line":64,"column":49}},"40":{"start":{"line":68,"column":9},"end":{"line":79,"column":4}},"41":{"start":{"line":68,"column":70},"end":{"line":79,"column":4}},"42":{"start":{"line":69,"column":4},"end":{"line":78,"column":5}},"43":{"start":{"line":70,"column":25},"end":{"line":70,"column":28}},"44":{"start":{"line":71,"column":19},"end":{"line":71,"column":59}},"45":{"start":{"line":72,"column":6},"end":{"line":74,"column":7}},"46":{"start":{"line":73,"column":8},"end":{"line":73,"column":65}},"47":{"start":{"line":75,"column":6},"end":{"line":75,"column":55}},"48":{"start":{"line":77,"column":6},"end":{"line":77,"column":49}},"49":{"start":{"line":5,"column":0},"end":{"line":5,"column":13}}},"fnMap":{"0":{"name":"(anonymous_7)","decl":{"start":{"line":6,"column":2},"end":{"line":6,"column":null}},"loc":{"start":{"line":8,"column":68},"end":{"line":9,"column":6}}},"1":{"name":"(anonymous_8)","decl":{"start":{"line":11,"column":18},"end":{"line":11,"column":25}},"loc":{"start":{"line":11,"column":70},"end":{"line":24,"column":4}}},"2":{"name":"(anonymous_9)","decl":{"start":{"line":11,"column":70},"end":{"line":11,"column":null}},"loc":{"start":{"line":11,"column":70},"end":{"line":24,"column":3}}},"3":{"name":"(anonymous_10)","decl":{"start":{"line":27,"column":15},"end":{"line":27,"column":22}},"loc":{"start":{"line":27,"column":67},"end":{"line":38,"column":4}}},"4":{"name":"(anonymous_11)","decl":{"start":{"line":27,"column":67},"end":{"line":27,"column":null}},"loc":{"start":{"line":27,"column":67},"end":{"line":38,"column":3}}},"5":{"name":"(anonymous_12)","decl":{"start":{"line":40,"column":18},"end":{"line":40,"column":25}},"loc":{"start":{"line":40,"column":70},"end":{"line":53,"column":4}}},"6":{"name":"(anonymous_13)","decl":{"start":{"line":40,"column":70},"end":{"line":40,"column":null}},"loc":{"start":{"line":40,"column":70},"end":{"line":53,"column":3}}},"7":{"name":"(anonymous_14)","decl":{"start":{"line":55,"column":19},"end":{"line":55,"column":26}},"loc":{"start":{"line":55,"column":71},"end":{"line":66,"column":4}}},"8":{"name":"(anonymous_15)","decl":{"start":{"line":55,"column":71},"end":{"line":55,"column":null}},"loc":{"start":{"line":55,"column":71},"end":{"line":66,"column":3}}},"9":{"name":"(anonymous_16)","decl":{"start":{"line":68,"column":18},"end":{"line":68,"column":25}},"loc":{"start":{"line":68,"column":70},"end":{"line":79,"column":4}}},"10":{"name":"(anonymous_17)","decl":{"start":{"line":68,"column":70},"end":{"line":68,"column":null}},"loc":{"start":{"line":68,"column":70},"end":{"line":79,"column":3}}}},"branchMap":{"0":{"loc":{"start":{"line":8,"column":21},"end":{"line":8,"column":68}},"type":"default-arg","locations":[{"start":{"line":8,"column":50},"end":{"line":8,"column":68}}]},"1":{"loc":{"start":{"line":15,"column":6},"end":{"line":17,"column":7}},"type":"if","locations":[{"start":{"line":15,"column":6},"end":{"line":17,"column":7}}]},"2":{"loc":{"start":{"line":20,"column":6},"end":{"line":22,"column":7}},"type":"if","locations":[{"start":{"line":20,"column":6},"end":{"line":22,"column":7}}]},"3":{"loc":{"start":{"line":30,"column":6},"end":{"line":32,"column":7}},"type":"if","locations":[{"start":{"line":30,"column":6},"end":{"line":32,"column":7}}]},"4":{"loc":{"start":{"line":45,"column":6},"end":{"line":47,"column":7}},"type":"if","locations":[{"start":{"line":45,"column":6},"end":{"line":47,"column":7}}]},"5":{"loc":{"start":{"line":59,"column":6},"end":{"line":61,"column":7}},"type":"if","locations":[{"start":{"line":59,"column":6},"end":{"line":61,"column":7}}]},"6":{"loc":{"start":{"line":72,"column":6},"end":{"line":74,"column":7}},"type":"if","locations":[{"start":{"line":72,"column":6},"end":{"line":74,"column":7}}]}},"s":{"0":1,"1":1,"2":1,"3":1,"4":5,"5":5,"6":5,"7":5,"8":4,"9":0,"10":4,"11":1,"12":0,"13":1,"14":1,"15":1,"16":1,"17":1,"18":0,"19":1,"20":0,"21":1,"22":0,"23":0,"24":0,"25":0,"26":0,"27":0,"28":0,"29":0,"30":0,"31":1,"32":1,"33":1,"34":1,"35":1,"36":1,"37":0,"38":1,"39":0,"40":1,"41":1,"42":1,"43":1,"44":1,"45":1,"46":0,"47":1,"48":0,"49":1},"f":{"0":1,"1":5,"2":5,"3":1,"4":1,"5":0,"6":0,"7":1,"8":1,"9":1,"10":1},"b":{"0":[1],"1":[0],"2":[0],"3":[0],"4":[0],"5":[0],"6":[0]}}
,"/Users/development/Desktop/Coally/backend/src/task/infrastructure/database/mongo.ts": {"path":"/Users/development/Desktop/Coally/backend/src/task/infrastructure/database/mongo.ts","statementMap":{"0":{"start":{"line":1,"column":0},"end":{"line":1,"column":32}},"1":{"start":{"line":3,"column":0},"end":{"line":3,"column":60}},"2":{"start":{"line":4,"column":0},"end":{"line":4,"column":23}},"3":{"start":{"line":6,"column":18},"end":{"line":6,"column":49}},"4":{"start":{"line":7,"column":21},"end":{"line":7,"column":39}},"5":{"start":{"line":9,"column":0},"end":{"line":9,"column":27}},"6":{"start":{"line":11,"column":22},"end":{"line":21,"column":2}},"7":{"start":{"line":11,"column":47},"end":{"line":21,"column":2}},"8":{"start":{"line":12,"column":2},"end":{"line":20,"column":3}},"9":{"start":{"line":13,"column":4},"end":{"line":13,"column":38}},"10":{"start":{"line":14,"column":4},"end":{"line":14,"column":41}},"11":{"start":{"line":15,"column":4},"end":{"line":15,"column":61}},"12":{"start":{"line":15,"column":13},"end":{"line":15,"column":61}},"13":{"start":{"line":18,"column":4},"end":{"line":18,"column":49}},"14":{"start":{"line":19,"column":4},"end":{"line":19,"column":68}},"15":{"start":{"line":19,"column":13},"end":{"line":19,"column":68}},"16":{"start":{"line":11,"column":13},"end":{"line":11,"column":22}}},"fnMap":{"0":{"name":"(anonymous_8)","decl":{"start":{"line":11,"column":22},"end":{"line":11,"column":29}},"loc":{"start":{"line":11,"column":47},"end":{"line":21,"column":2}}},"1":{"name":"(anonymous_9)","decl":{"start":{"line":11,"column":47},"end":{"line":11,"column":null}},"loc":{"start":{"line":11,"column":47},"end":{"line":21,"column":1}}}},"branchMap":{"0":{"loc":{"start":{"line":15,"column":4},"end":{"line":15,"column":61}},"type":"if","locations":[{"start":{"line":15,"column":4},"end":{"line":15,"column":61}}]},"1":{"loc":{"start":{"line":19,"column":4},"end":{"line":19,"column":68}},"type":"if","locations":[{"start":{"line":19,"column":4},"end":{"line":19,"column":68}}]}},"s":{"0":1,"1":1,"2":1,"3":1,"4":1,"5":1,"6":1,"7":1,"8":1,"9":1,"10":1,"11":1,"12":0,"13":0,"14":0,"15":0,"16":1},"f":{"0":1,"1":1},"b":{"0":[0],"1":[0]}}
,"/Users/development/Desktop/Coally/backend/src/task/infrastructure/docs/swagger.ts": {"path":"/Users/development/Desktop/Coally/backend/src/task/infrastructure/docs/swagger.ts","statementMap":{"0":{"start":{"line":1,"column":0},"end":{"line":1,"column":23}},"1":{"start":{"line":3,"column":16},"end":{"line":3,"column":36}},"2":{"start":{"line":6,"column":2},"end":{"line":8,"column":29}},"3":{"start":{"line":9,"column":0},"end":{"line":9,"column":3}},"4":{"start":{"line":10,"column":13},"end":{"line":48,"column":2}}},"fnMap":{},"branchMap":{"0":{"loc":{"start":{"line":6,"column":2},"end":{"line":8,"column":29}},"type":"cond-expr","locations":[{"start":{"line":7,"column":6},"end":{"line":7,"column":35}},{"start":{"line":8,"column":6},"end":{"line":8,"column":29}}]}},"s":{"0":1,"1":1,"2":1,"3":1,"4":1},"f":{},"b":{"0":[0,1]}}
,"/Users/development/Desktop/Coally/backend/src/task/infrastructure/models/task.ts": {"path":"/Users/development/Desktop/Coally/backend/src/task/infrastructure/models/task.ts","statementMap":{"0":{"start":{"line":1,"column":0},"end":{"line":1,"column":32}},"1":{"start":{"line":3,"column":19},"end":{"line":20,"column":null}},"2":{"start":{"line":23,"column":0},"end":{"line":23,"column":50}}},"fnMap":{},"branchMap":{},"s":{"0":1,"1":1,"2":1},"f":{},"b":{}}
,"/Users/development/Desktop/Coally/backend/src/task/infrastructure/repository/mongo.ts": {"path":"/Users/development/Desktop/Coally/backend/src/task/infrastructure/repository/mongo.ts","statementMap":{"0":{"start":{"line":3,"column":0},"end":{"line":3,"column":34}},"1":{"start":{"line":7,"column":20},"end":{"line":7,"column":34}},"2":{"start":{"line":8,"column":4},"end":{"line":8,"column":25}},"3":{"start":{"line":9,"column":4},"end":{"line":9,"column":19}},"4":{"start":{"line":13,"column":18},"end":{"line":13,"column":29}},"5":{"start":{"line":14,"column":4},"end":{"line":14,"column":17}},"6":{"start":{"line":18,"column":24},"end":{"line":21,"column":6}},"7":{"start":{"line":22,"column":4},"end":{"line":22,"column":23}},"8":{"start":{"line":26,"column":17},"end":{"line":26,"column":34}},"9":{"start":{"line":27,"column":4},"end":{"line":27,"column":16}},"10":{"start":{"line":31,"column":17},"end":{"line":31,"column":43}},"11":{"start":{"line":32,"column":4},"end":{"line":32,"column":16}},"12":{"start":{"line":5,"column":0},"end":{"line":5,"column":13}}},"fnMap":{"0":{"name":"(anonymous_8)","decl":{"start":{"line":6,"column":8},"end":{"line":6,"column":14}},"loc":{"start":{"line":6,"column":32},"end":{"line":10,"column":null}}},"1":{"name":"(anonymous_10)","decl":{"start":{"line":12,"column":8},"end":{"line":12,"column":11}},"loc":{"start":{"line":12,"column":11},"end":{"line":15,"column":null}}},"2":{"name":"(anonymous_12)","decl":{"start":{"line":17,"column":8},"end":{"line":17,"column":14}},"loc":{"start":{"line":17,"column":44},"end":{"line":23,"column":null}}},"3":{"name":"(anonymous_14)","decl":{"start":{"line":25,"column":8},"end":{"line":25,"column":15}},"loc":{"start":{"line":25,"column":26},"end":{"line":28,"column":null}}},"4":{"name":"(anonymous_16)","decl":{"start":{"line":30,"column":8},"end":{"line":30,"column":14}},"loc":{"start":{"line":30,"column":25},"end":{"line":33,"column":null}}}},"branchMap":{},"s":{"0":1,"1":5,"2":5,"3":4,"4":1,"5":1,"6":0,"7":0,"8":1,"9":1,"10":1,"11":1,"12":1},"f":{"0":5,"1":1,"2":0,"3":1,"4":1},"b":{}}
,"/Users/development/Desktop/Coally/backend/src/task/infrastructure/routes/task.routes.ts": {"path":"/Users/development/Desktop/Coally/backend/src/task/infrastructure/routes/task.routes.ts","statementMap":{"0":{"start":{"line":1,"column":0},"end":{"line":1,"column":33}},"1":{"start":{"line":2,"column":0},"end":{"line":2,"column":54}},"2":{"start":{"line":3,"column":0},"end":{"line":3,"column":68}},"3":{"start":{"line":4,"column":0},"end":{"line":4,"column":58}},"4":{"start":{"line":5,"column":0},"end":{"line":5,"column":87}},"5":{"start":{"line":6,"column":0},"end":{"line":6,"column":68}},"6":{"start":{"line":8,"column":15},"end":{"line":8,"column":23}},"7":{"start":{"line":9,"column":23},"end":{"line":9,"column":44}},"8":{"start":{"line":10,"column":20},"end":{"line":10,"column":51}},"9":{"start":{"line":11,"column":23},"end":{"line":11,"column":54}},"10":{"start":{"line":60,"column":0},"end":{"line":60,"column":98}},"11":{"start":{"line":81,"column":0},"end":{"line":81,"column":51}},"12":{"start":{"line":109,"column":0},"end":{"line":109,"column":58}},"13":{"start":{"line":175,"column":0},"end":{"line":175,"column":57}},"14":{"start":{"line":199,"column":0},"end":{"line":199,"column":59}},"15":{"start":{"line":201,"column":0},"end":{"line":201,"column":22}}},"fnMap":{},"branchMap":{},"s":{"0":1,"1":1,"2":1,"3":1,"4":1,"5":1,"6":1,"7":1,"8":1,"9":1,"10":1,"11":1,"12":1,"13":1,"14":1,"15":1},"f":{},"b":{}}
,"/Users/development/Desktop/Coally/backend/src/task/infrastructure/utils/validation.response.ts": {"path":"/Users/development/Desktop/Coally/backend/src/task/infrastructure/utils/validation.response.ts","statementMap":{"0":{"start":{"line":3,"column":0},"end":{"line":3,"column":null}},"1":{"start":{"line":4,"column":2},"end":{"line":4,"column":null}},"2":{"start":{"line":5,"column":2},"end":{"line":5,"column":null}},"3":{"start":{"line":6,"column":2},"end":{"line":6,"column":null}},"4":{"start":{"line":7,"column":2},"end":{"line":7,"column":null}},"5":{"start":{"line":8,"column":2},"end":{"line":8,"column":null}},"6":{"start":{"line":9,"column":2},"end":{"line":9,"column":null}},"7":{"start":{"line":14,"column":4},"end":{"line":18,"column":7}},"8":{"start":{"line":21,"column":4},"end":{"line":25,"column":7}},"9":{"start":{"line":29,"column":4},"end":{"line":33,"column":7}},"10":{"start":{"line":37,"column":4},"end":{"line":41,"column":7}},"11":{"start":{"line":45,"column":4},"end":{"line":49,"column":7}},"12":{"start":{"line":53,"column":4},"end":{"line":57,"column":7}},"13":{"start":{"line":12,"column":0},"end":{"line":12,"column":13}}},"fnMap":{"0":{"name":"(anonymous_0)","decl":{"start":{"line":3,"column":0},"end":{"line":3,"column":12}},"loc":{"start":{"line":3,"column":22},"end":{"line":10,"column":1}}},"1":{"name":"(anonymous_1)","decl":{"start":{"line":13,"column":2},"end":{"line":13,"column":4}},"loc":{"start":{"line":13,"column":30},"end":{"line":19,"column":3}}},"2":{"name":"(anonymous_2)","decl":{"start":{"line":20,"column":2},"end":{"line":20,"column":12}},"loc":{"start":{"line":20,"column":38},"end":{"line":26,"column":3}}},"3":{"name":"(anonymous_3)","decl":{"start":{"line":28,"column":2},"end":{"line":28,"column":10}},"loc":{"start":{"line":28,"column":36},"end":{"line":34,"column":3}}},"4":{"name":"(anonymous_4)","decl":{"start":{"line":36,"column":2},"end":{"line":36,"column":14}},"loc":{"start":{"line":36,"column":40},"end":{"line":42,"column":3}}},"5":{"name":"(anonymous_5)","decl":{"start":{"line":44,"column":2},"end":{"line":44,"column":11}},"loc":{"start":{"line":44,"column":37},"end":{"line":50,"column":3}}},"6":{"name":"(anonymous_6)","decl":{"start":{"line":52,"column":2},"end":{"line":52,"column":7}},"loc":{"start":{"line":52,"column":33},"end":{"line":58,"column":3}}}},"branchMap":{"0":{"loc":{"start":{"line":3,"column":12},"end":{"line":3,"column":null}},"type":"binary-expr","locations":[{"start":{"line":3,"column":12},"end":{"line":3,"column":22}},{"start":{"line":3,"column":22},"end":{"line":3,"column":null}}]}},"s":{"0":1,"1":1,"2":1,"3":1,"4":1,"5":1,"6":1,"7":22,"8":2,"9":0,"10":1,"11":0,"12":0,"13":1},"f":{"0":1,"1":22,"2":2,"3":0,"4":1,"5":0,"6":0},"b":{"0":[1,1]}}
,"/Users/development/Desktop/Coally/backend/src/task/infrastructure/utils/validation.schemas.ts": {"path":"/Users/development/Desktop/Coally/backend/src/task/infrastructure/utils/validation.schemas.ts","statementMap":{"0":{"start":{"line":2,"column":0},"end":{"line":2,"column":59}},"1":{"start":{"line":4,"column":13},"end":{"line":15,"column":2}},"2":{"start":{"line":17,"column":13},"end":{"line":27,"column":2}},"3":{"start":{"line":29,"column":38},"end":{"line":39,"column":1}},"4":{"start":{"line":34,"column":17},"end":{"line":34,"column":38}},"5":{"start":{"line":35,"column":2},"end":{"line":37,"column":3}},"6":{"start":{"line":36,"column":4},"end":{"line":36,"column":53}},"7":{"start":{"line":38,"column":2},"end":{"line":38,"column":9}},"8":{"start":{"line":29,"column":13},"end":{"line":29,"column":38}}},"fnMap":{"0":{"name":"(anonymous_0)","decl":{"start":{"line":29,"column":38},"end":{"line":29,"column":null}},"loc":{"start":{"line":33,"column":4},"end":{"line":39,"column":1}}}},"branchMap":{"0":{"loc":{"start":{"line":35,"column":2},"end":{"line":37,"column":3}},"type":"if","locations":[{"start":{"line":35,"column":2},"end":{"line":37,"column":3}}]}},"s":{"0":1,"1":1,"2":1,"3":1,"4":21,"5":21,"6":2,"7":21,"8":1},"f":{"0":21},"b":{"0":[2]}}
,"/Users/development/Desktop/Coally/backend/src/test /setup.ts": {"path":"/Users/development/Desktop/Coally/backend/src/test /setup.ts","statementMap":{"0":{"start":{"line":1,"column":0},"end":{"line":1,"column":23}},"1":{"start":{"line":2,"column":0},"end":{"line":2,"column":32}},"2":{"start":{"line":4,"column":39},"end":{"line":4,"column":43}},"3":{"start":{"line":6,"column":29},"end":{"line":10,"column":2}},"4":{"start":{"line":6,"column":40},"end":{"line":10,"column":2}},"5":{"start":{"line":7,"column":2},"end":{"line":9,"column":3}},"6":{"start":{"line":8,"column":4},"end":{"line":8,"column":71}},"7":{"start":{"line":6,"column":13},"end":{"line":6,"column":29}},"8":{"start":{"line":12,"column":32},"end":{"line":17,"column":2}},"9":{"start":{"line":12,"column":43},"end":{"line":17,"column":2}},"10":{"start":{"line":13,"column":2},"end":{"line":16,"column":3}},"11":{"start":{"line":14,"column":4},"end":{"line":14,"column":38}},"12":{"start":{"line":15,"column":4},"end":{"line":15,"column":20}},"13":{"start":{"line":12,"column":13},"end":{"line":12,"column":32}}},"fnMap":{"0":{"name":"(anonymous_8)","decl":{"start":{"line":6,"column":29},"end":{"line":6,"column":38}},"loc":{"start":{"line":6,"column":40},"end":{"line":10,"column":2}}},"1":{"name":"(anonymous_9)","decl":{"start":{"line":6,"column":40},"end":{"line":6,"column":null}},"loc":{"start":{"line":6,"column":40},"end":{"line":10,"column":1}}},"2":{"name":"(anonymous_10)","decl":{"start":{"line":12,"column":32},"end":{"line":12,"column":41}},"loc":{"start":{"line":12,"column":43},"end":{"line":17,"column":2}}},"3":{"name":"(anonymous_11)","decl":{"start":{"line":12,"column":43},"end":{"line":12,"column":null}},"loc":{"start":{"line":12,"column":43},"end":{"line":17,"column":1}}}},"branchMap":{"0":{"loc":{"start":{"line":7,"column":2},"end":{"line":9,"column":3}},"type":"if","locations":[{"start":{"line":7,"column":2},"end":{"line":9,"column":3}}]},"1":{"loc":{"start":{"line":13,"column":2},"end":{"line":16,"column":3}},"type":"if","locations":[{"start":{"line":13,"column":2},"end":{"line":16,"column":3}}]}},"s":{"0":1,"1":1,"2":1,"3":1,"4":1,"5":1,"6":1,"7":1,"8":1,"9":0,"10":0,"11":0,"12":0,"13":1},"f":{"0":1,"1":1,"2":0,"3":0},"b":{"0":[1],"1":[0]}}
,"/Users/development/Desktop/Coally/backend/src/user/application/userUseCase.ts": {"path":"/Users/development/Desktop/Coally/backend/src/user/application/userUseCase.ts","statementMap":{"0":{"start":{"line":5,"column":31},"end":{"line":5,"column":61}},"1":{"start":{"line":8,"column":24},"end":{"line":8,"column":62}},"2":{"start":{"line":9,"column":4},"end":{"line":9,"column":23}},"3":{"start":{"line":13,"column":18},"end":{"line":13,"column":49}},"4":{"start":{"line":14,"column":4},"end":{"line":14,"column":17}},"5":{"start":{"line":18,"column":17},"end":{"line":18,"column":60}},"6":{"start":{"line":19,"column":4},"end":{"line":19,"column":16}},"7":{"start":{"line":4,"column":0},"end":{"line":4,"column":13}}},"fnMap":{"0":{"name":"(anonymous_7)","decl":{"start":{"line":5,"column":2},"end":{"line":5,"column":31}},"loc":{"start":{"line":5,"column":61},"end":{"line":5,"column":65}}},"1":{"name":"(anonymous_8)","decl":{"start":{"line":7,"column":8},"end":{"line":7,"column":14}},"loc":{"start":{"line":7,"column":32},"end":{"line":10,"column":null}}},"2":{"name":"(anonymous_10)","decl":{"start":{"line":12,"column":8},"end":{"line":12,"column":11}},"loc":{"start":{"line":12,"column":11},"end":{"line":15,"column":null}}},"3":{"name":"(anonymous_12)","decl":{"start":{"line":17,"column":8},"end":{"line":17,"column":18}},"loc":{"start":{"line":17,"column":32},"end":{"line":20,"column":null}}}},"branchMap":{},"s":{"0":1,"1":9,"2":9,"3":0,"4":0,"5":16,"6":16,"7":1},"f":{"0":1,"1":9,"2":0,"3":16},"b":{}}
,"/Users/development/Desktop/Coally/backend/src/user/infrastructure/controllers/user.ctrl.ts": {"path":"/Users/development/Desktop/Coally/backend/src/user/infrastructure/controllers/user.ctrl.ts","statementMap":{"0":{"start":{"line":2,"column":0},"end":{"line":2,"column":86}},"1":{"start":{"line":4,"column":0},"end":{"line":4,"column":64}},"2":{"start":{"line":5,"column":0},"end":{"line":5,"column":32}},"3":{"start":{"line":9,"column":21},"end":{"line":9,"column":45}},"4":{"start":{"line":10,"column":21},"end":{"line":10,"column":50}},"5":{"start":{"line":13,"column":9},"end":{"line":37,"column":4}},"6":{"start":{"line":13,"column":70},"end":{"line":37,"column":4}},"7":{"start":{"line":14,"column":4},"end":{"line":36,"column":5}},"8":{"start":{"line":15,"column":23},"end":{"line":15,"column":26}},"9":{"start":{"line":17,"column":25},"end":{"line":17,"column":70}},"10":{"start":{"line":18,"column":6},"end":{"line":20,"column":7}},"11":{"start":{"line":19,"column":8},"end":{"line":19,"column":73}},"12":{"start":{"line":22,"column":29},"end":{"line":22,"column":67}},"13":{"start":{"line":24,"column":6},"end":{"line":24,"column":37}},"14":{"start":{"line":25,"column":19},"end":{"line":25,"column":54}},"15":{"start":{"line":27,"column":6},"end":{"line":29,"column":7}},"16":{"start":{"line":28,"column":8},"end":{"line":28,"column":69}},"17":{"start":{"line":31,"column":6},"end":{"line":31,"column":60}},"18":{"start":{"line":33,"column":6},"end":{"line":35,"column":7}},"19":{"start":{"line":34,"column":8},"end":{"line":34,"column":51}},"20":{"start":{"line":39,"column":9},"end":{"line":61,"column":4}},"21":{"start":{"line":39,"column":69},"end":{"line":61,"column":4}},"22":{"start":{"line":40,"column":4},"end":{"line":60,"column":5}},"23":{"start":{"line":41,"column":23},"end":{"line":41,"column":26}},"24":{"start":{"line":42,"column":19},"end":{"line":42,"column":64}},"25":{"start":{"line":44,"column":6},"end":{"line":46,"column":7}},"26":{"start":{"line":45,"column":8},"end":{"line":45,"column":65}},"27":{"start":{"line":48,"column":30},"end":{"line":50,"column":null}},"28":{"start":{"line":52,"column":6},"end":{"line":54,"column":7}},"29":{"start":{"line":53,"column":8},"end":{"line":53,"column":72}},"30":{"start":{"line":55,"column":20},"end":{"line":55,"column":43}},"31":{"start":{"line":57,"column":6},"end":{"line":57,"column":46}},"32":{"start":{"line":59,"column":6},"end":{"line":59,"column":49}},"33":{"start":{"line":63,"column":9},"end":{"line":74,"column":4}},"34":{"start":{"line":63,"column":67},"end":{"line":74,"column":4}},"35":{"start":{"line":64,"column":4},"end":{"line":73,"column":5}},"36":{"start":{"line":65,"column":20},"end":{"line":65,"column":48}},"37":{"start":{"line":66,"column":6},"end":{"line":68,"column":7}},"38":{"start":{"line":67,"column":8},"end":{"line":67,"column":66}},"39":{"start":{"line":70,"column":6},"end":{"line":70,"column":46}},"40":{"start":{"line":72,"column":6},"end":{"line":72,"column":49}},"41":{"start":{"line":76,"column":9},"end":{"line":89,"column":4}},"42":{"start":{"line":76,"column":74},"end":{"line":89,"column":4}},"43":{"start":{"line":77,"column":4},"end":{"line":88,"column":5}},"44":{"start":{"line":78,"column":24},"end":{"line":78,"column":34}},"45":{"start":{"line":79,"column":19},"end":{"line":79,"column":59}},"46":{"start":{"line":81,"column":6},"end":{"line":83,"column":7}},"47":{"start":{"line":82,"column":8},"end":{"line":82,"column":65}},"48":{"start":{"line":85,"column":6},"end":{"line":85,"column":45}},"49":{"start":{"line":87,"column":6},"end":{"line":87,"column":49}},"50":{"start":{"line":7,"column":0},"end":{"line":7,"column":13}}},"fnMap":{"0":{"name":"(anonymous_8)","decl":{"start":{"line":8,"column":2},"end":{"line":8,"column":null}},"loc":{"start":{"line":10,"column":68},"end":{"line":11,"column":6}}},"1":{"name":"(anonymous_9)","decl":{"start":{"line":13,"column":18},"end":{"line":13,"column":25}},"loc":{"start":{"line":13,"column":70},"end":{"line":37,"column":4}}},"2":{"name":"(anonymous_10)","decl":{"start":{"line":13,"column":70},"end":{"line":13,"column":null}},"loc":{"start":{"line":13,"column":70},"end":{"line":37,"column":3}}},"3":{"name":"(anonymous_11)","decl":{"start":{"line":39,"column":17},"end":{"line":39,"column":24}},"loc":{"start":{"line":39,"column":69},"end":{"line":61,"column":4}}},"4":{"name":"(anonymous_12)","decl":{"start":{"line":39,"column":69},"end":{"line":39,"column":null}},"loc":{"start":{"line":39,"column":69},"end":{"line":61,"column":3}}},"5":{"name":"(anonymous_13)","decl":{"start":{"line":63,"column":15},"end":{"line":63,"column":22}},"loc":{"start":{"line":63,"column":67},"end":{"line":74,"column":4}}},"6":{"name":"(anonymous_14)","decl":{"start":{"line":63,"column":67},"end":{"line":63,"column":null}},"loc":{"start":{"line":63,"column":67},"end":{"line":74,"column":3}}},"7":{"name":"(anonymous_15)","decl":{"start":{"line":76,"column":22},"end":{"line":76,"column":29}},"loc":{"start":{"line":76,"column":74},"end":{"line":89,"column":4}}},"8":{"name":"(anonymous_16)","decl":{"start":{"line":76,"column":74},"end":{"line":76,"column":null}},"loc":{"start":{"line":76,"column":74},"end":{"line":89,"column":3}}}},"branchMap":{"0":{"loc":{"start":{"line":10,"column":21},"end":{"line":10,"column":68}},"type":"default-arg","locations":[{"start":{"line":10,"column":50},"end":{"line":10,"column":68}}]},"1":{"loc":{"start":{"line":18,"column":6},"end":{"line":20,"column":7}},"type":"if","locations":[{"start":{"line":18,"column":6},"end":{"line":20,"column":7}}]},"2":{"loc":{"start":{"line":27,"column":6},"end":{"line":29,"column":7}},"type":"if","locations":[{"start":{"line":27,"column":6},"end":{"line":29,"column":7}}]},"3":{"loc":{"start":{"line":33,"column":6},"end":{"line":35,"column":7}},"type":"if","locations":[{"start":{"line":33,"column":6},"end":{"line":35,"column":7}}]},"4":{"loc":{"start":{"line":44,"column":6},"end":{"line":46,"column":7}},"type":"if","locations":[{"start":{"line":44,"column":6},"end":{"line":46,"column":7}}]},"5":{"loc":{"start":{"line":52,"column":6},"end":{"line":54,"column":7}},"type":"if","locations":[{"start":{"line":52,"column":6},"end":{"line":54,"column":7}}]},"6":{"loc":{"start":{"line":66,"column":6},"end":{"line":68,"column":7}},"type":"if","locations":[{"start":{"line":66,"column":6},"end":{"line":68,"column":7}}]},"7":{"loc":{"start":{"line":81,"column":6},"end":{"line":83,"column":7}},"type":"if","locations":[{"start":{"line":81,"column":6},"end":{"line":83,"column":7}}]}},"s":{"0":1,"1":1,"2":1,"3":1,"4":1,"5":1,"6":10,"7":10,"8":10,"9":10,"10":10,"11":1,"12":9,"13":9,"14":9,"15":9,"16":0,"17":9,"18":1,"19":0,"20":1,"21":6,"22":6,"23":6,"24":6,"25":6,"26":0,"27":6,"28":6,"29":0,"30":6,"31":6,"32":0,"33":1,"34":0,"35":0,"36":0,"37":0,"38":0,"39":0,"40":0,"41":1,"42":0,"43":0,"44":0,"45":0,"46":0,"47":0,"48":0,"49":0,"50":1},"f":{"0":1,"1":10,"2":10,"3":6,"4":6,"5":0,"6":0,"7":0,"8":0},"b":{"0":[1],"1":[1],"2":[0],"3":[0],"4":[0],"5":[0],"6":[0],"7":[0]}}
,"/Users/development/Desktop/Coally/backend/src/user/infrastructure/models/user.ts": {"path":"/Users/development/Desktop/Coally/backend/src/user/infrastructure/models/user.ts","statementMap":{"0":{"start":{"line":1,"column":0},"end":{"line":1,"column":32}},"1":{"start":{"line":3,"column":19},"end":{"line":6,"column":2}},"2":{"start":{"line":8,"column":0},"end":{"line":8,"column":50}}},"fnMap":{},"branchMap":{},"s":{"0":1,"1":1,"2":1},"f":{},"b":{}}
,"/Users/development/Desktop/Coally/backend/src/user/infrastructure/repository/mongo.ts": {"path":"/Users/development/Desktop/Coally/backend/src/user/infrastructure/repository/mongo.ts","statementMap":{"0":{"start":{"line":3,"column":0},"end":{"line":3,"column":34}},"1":{"start":{"line":7,"column":20},"end":{"line":7,"column":34}},"2":{"start":{"line":8,"column":4},"end":{"line":8,"column":25}},"3":{"start":{"line":9,"column":4},"end":{"line":9,"column":19}},"4":{"start":{"line":13,"column":18},"end":{"line":13,"column":49}},"5":{"start":{"line":14,"column":4},"end":{"line":14,"column":17}},"6":{"start":{"line":18,"column":17},"end":{"line":18,"column":40}},"7":{"start":{"line":19,"column":4},"end":{"line":19,"column":16}},"8":{"start":{"line":5,"column":0},"end":{"line":5,"column":13}}},"fnMap":{"0":{"name":"(anonymous_8)","decl":{"start":{"line":6,"column":8},"end":{"line":6,"column":14}},"loc":{"start":{"line":6,"column":32},"end":{"line":10,"column":null}}},"1":{"name":"(anonymous_10)","decl":{"start":{"line":12,"column":8},"end":{"line":12,"column":11}},"loc":{"start":{"line":12,"column":11},"end":{"line":15,"column":null}}},"2":{"name":"(anonymous_12)","decl":{"start":{"line":17,"column":8},"end":{"line":17,"column":18}},"loc":{"start":{"line":17,"column":32},"end":{"line":20,"column":null}}}},"branchMap":{},"s":{"0":1,"1":9,"2":9,"3":9,"4":0,"5":0,"6":16,"7":16,"8":1},"f":{"0":9,"1":0,"2":16},"b":{}}
,"/Users/development/Desktop/Coally/backend/src/user/infrastructure/routes/user.routes.ts": {"path":"/Users/development/Desktop/Coally/backend/src/user/infrastructure/routes/user.routes.ts","statementMap":{"0":{"start":{"line":1,"column":0},"end":{"line":1,"column":33}},"1":{"start":{"line":2,"column":0},"end":{"line":2,"column":54}},"2":{"start":{"line":3,"column":0},"end":{"line":3,"column":58}},"3":{"start":{"line":4,"column":0},"end":{"line":4,"column":60}},"4":{"start":{"line":5,"column":0},"end":{"line":5,"column":null}},"5":{"start":{"line":10,"column":15},"end":{"line":10,"column":23}},"6":{"start":{"line":12,"column":23},"end":{"line":12,"column":44}},"7":{"start":{"line":13,"column":20},"end":{"line":13,"column":51}},"8":{"start":{"line":14,"column":23},"end":{"line":14,"column":54}},"9":{"start":{"line":108,"column":0},"end":{"line":113,"column":2}},"10":{"start":{"line":130,"column":0},"end":{"line":130,"column":36}},"11":{"start":{"line":155,"column":0},"end":{"line":160,"column":2}},"12":{"start":{"line":161,"column":0},"end":{"line":161,"column":22}}},"fnMap":{},"branchMap":{},"s":{"0":1,"1":1,"2":1,"3":1,"4":1,"5":1,"6":1,"7":1,"8":1,"9":1,"10":1,"11":1,"12":1},"f":{},"b":{}}
,"/Users/development/Desktop/Coally/backend/src/user/utils/token.creator.ts": {"path":"/Users/development/Desktop/Coally/backend/src/user/utils/token.creator.ts","statementMap":{"0":{"start":{"line":1,"column":0},"end":{"line":1,"column":29}},"1":{"start":{"line":2,"column":0},"end":{"line":2,"column":28}},"2":{"start":{"line":3,"column":0},"end":{"line":3,"column":23}},"3":{"start":{"line":11,"column":27},"end":{"line":19,"column":1}},"4":{"start":{"line":12,"column":31},"end":{"line":12,"column":65}},"5":{"start":{"line":13,"column":25},"end":{"line":17,"column":4}},"6":{"start":{"line":18,"column":2},"end":{"line":18,"column":43}},"7":{"start":{"line":11,"column":13},"end":{"line":11,"column":27}}},"fnMap":{"0":{"name":"(anonymous_1)","decl":{"start":{"line":11,"column":27},"end":{"line":11,"column":28}},"loc":{"start":{"line":11,"column":41},"end":{"line":19,"column":1}}}},"branchMap":{},"s":{"0":1,"1":1,"2":1,"3":1,"4":6,"5":6,"6":6,"7":1},"f":{"0":6},"b":{}}
,"/Users/development/Desktop/Coally/backend/src/user/utils/token.validator.ts": {"path":"/Users/development/Desktop/Coally/backend/src/user/utils/token.validator.ts","statementMap":{"0":{"start":{"line":9,"column":0},"end":{"line":9,"column":16}},"1":{"start":{"line":2,"column":0},"end":{"line":2,"column":29}},"2":{"start":{"line":3,"column":0},"end":{"line":3,"column":28}},"3":{"start":{"line":4,"column":0},"end":{"line":4,"column":83}},"4":{"start":{"line":14,"column":23},"end":{"line":14,"column":41}},"5":{"start":{"line":15,"column":23},"end":{"line":15,"column":47}},"6":{"start":{"line":17,"column":2},"end":{"line":20,"column":3}},"7":{"start":{"line":18,"column":4},"end":{"line":18,"column":59}},"8":{"start":{"line":19,"column":4},"end":{"line":19,"column":11}},"9":{"start":{"line":22,"column":30},"end":{"line":22,"column":55}},"10":{"start":{"line":24,"column":2},"end":{"line":27,"column":3}},"11":{"start":{"line":25,"column":4},"end":{"line":25,"column":67}},"12":{"start":{"line":26,"column":4},"end":{"line":26,"column":11}},"13":{"start":{"line":29,"column":16},"end":{"line":29,"column":49}},"14":{"start":{"line":31,"column":2},"end":{"line":34,"column":3}},"15":{"start":{"line":32,"column":4},"end":{"line":32,"column":76}},"16":{"start":{"line":33,"column":4},"end":{"line":33,"column":11}},"17":{"start":{"line":37,"column":2},"end":{"line":42,"column":3}},"18":{"start":{"line":38,"column":4},"end":{"line":38,"column":46}},"19":{"start":{"line":40,"column":4},"end":{"line":40,"column":50}},"20":{"start":{"line":41,"column":4},"end":{"line":41,"column":11}},"21":{"start":{"line":44,"column":2},"end":{"line":47,"column":3}},"22":{"start":{"line":45,"column":4},"end":{"line":45,"column":50}},"23":{"start":{"line":46,"column":4},"end":{"line":46,"column":11}},"24":{"start":{"line":49,"column":2},"end":{"line":49,"column":26}},"25":{"start":{"line":50,"column":2},"end":{"line":50,"column":9}}},"fnMap":{"0":{"name":"validateToken","decl":{"start":{"line":9,"column":16},"end":{"line":9,"column":29}},"loc":{"start":{"line":12,"column":20},"end":{"line":51,"column":1}}}},"branchMap":{"0":{"loc":{"start":{"line":17,"column":2},"end":{"line":20,"column":3}},"type":"if","locations":[{"start":{"line":17,"column":2},"end":{"line":20,"column":3}}]},"1":{"loc":{"start":{"line":24,"column":2},"end":{"line":27,"column":3}},"type":"if","locations":[{"start":{"line":24,"column":2},"end":{"line":27,"column":3}}]},"2":{"loc":{"start":{"line":31,"column":2},"end":{"line":34,"column":3}},"type":"if","locations":[{"start":{"line":31,"column":2},"end":{"line":34,"column":3}}]},"3":{"loc":{"start":{"line":44,"column":2},"end":{"line":47,"column":3}},"type":"if","locations":[{"start":{"line":44,"column":2},"end":{"line":47,"column":3}}]}},"s":{"0":1,"1":1,"2":1,"3":1,"4":10,"5":10,"6":10,"7":0,"8":0,"9":10,"10":10,"11":1,"12":1,"13":9,"14":9,"15":0,"16":0,"17":9,"18":9,"19":1,"20":1,"21":8,"22":0,"23":0,"24":8,"25":8},"f":{"0":10},"b":{"0":[0],"1":[1],"2":[0],"3":[0]}}
}
