TN:
SF:src/app.ts
FN:28,(anonymous_1)
FNF:1
FNH:1
FNDA:1,(anonymous_1)
DA:1,1
DA:2,1
DA:3,1
DA:4,1
DA:5,1
DA:6,1
DA:7,1
DA:8,1
DA:9,1
DA:10,1
DA:12,1
DA:13,1
DA:14,1
DA:19,1
DA:21,1
DA:22,1
DA:23,1
DA:24,1
DA:25,1
DA:28,1
DA:29,1
DA:34,1
DA:36,1
LF:23
LH:23
BRDA:19,0,0,1
BRDA:19,0,1,1
BRDA:29,1,0,0
BRDA:29,1,1,1
BRF:4
BRH:3
end_of_record
TN:
SF:src/task/application/taskUseCase.ts
FN:5,(anonymous_7)
FN:7,(anonymous_8)
FN:12,(anonymous_10)
FN:17,(anonymous_12)
FN:22,(anonymous_14)
FN:27,(anonymous_16)
FNF:6
FNH:5
FNDA:1,(anonymous_7)
FNDA:4,(anonymous_8)
FNDA:2,(anonymous_10)
FNDA:0,(anonymous_12)
FNDA:1,(anonymous_14)
FNDA:1,(anonymous_16)
DA:4,1
DA:5,1
DA:8,4
DA:9,4
DA:13,2
DA:14,2
DA:18,0
DA:19,0
DA:23,1
DA:24,1
DA:28,1
DA:29,1
LF:12
LH:10
BRF:0
BRH:0
end_of_record
TN:
SF:src/task/infrastructure/controllers/task.ctrl.ts
FN:6,(anonymous_7)
FN:11,(anonymous_8)
FN:11,(anonymous_9)
FN:27,(anonymous_10)
FN:27,(anonymous_11)
FN:40,(anonymous_12)
FN:40,(anonymous_13)
FN:55,(anonymous_14)
FN:55,(anonymous_15)
FN:68,(anonymous_16)
FN:68,(anonymous_17)
FNF:11
FNH:9
FNDA:1,(anonymous_7)
FNDA:4,(anonymous_8)
FNDA:4,(anonymous_9)
FNDA:2,(anonymous_10)
FNDA:2,(anonymous_11)
FNDA:0,(anonymous_12)
FNDA:0,(anonymous_13)
FNDA:1,(anonymous_14)
FNDA:1,(anonymous_15)
FNDA:1,(anonymous_16)
FNDA:1,(anonymous_17)
DA:3,1
DA:5,1
DA:7,1
DA:8,1
DA:11,4
DA:12,4
DA:13,4
DA:14,4
DA:15,4
DA:16,0
DA:18,4
DA:20,0
DA:21,0
DA:27,2
DA:28,2
DA:29,2
DA:30,2
DA:31,0
DA:34,2
DA:36,0
DA:40,1
DA:41,0
DA:42,0
DA:44,0
DA:45,0
DA:46,0
DA:48,0
DA:49,0
DA:51,0
DA:55,1
DA:56,1
DA:57,1
DA:58,1
DA:59,1
DA:60,0
DA:62,1
DA:64,0
DA:68,1
DA:69,1
DA:70,1
DA:71,1
DA:72,1
DA:73,0
DA:75,1
DA:77,0
LF:45
LH:28
BRDA:8,0,0,1
BRDA:15,1,0,0
BRDA:20,2,0,0
BRDA:30,3,0,0
BRDA:45,4,0,0
BRDA:59,5,0,0
BRDA:72,6,0,0
BRF:7
BRH:1
end_of_record
TN:
SF:src/task/infrastructure/database/mongo.ts
FN:11,(anonymous_8)
FN:11,(anonymous_9)
FNF:2
FNH:2
FNDA:1,(anonymous_8)
FNDA:1,(anonymous_9)
DA:1,1
DA:3,1
DA:4,1
DA:6,1
DA:7,1
DA:9,1
DA:11,1
DA:12,1
DA:13,1
DA:14,1
DA:15,1
DA:18,0
DA:19,0
LF:13
LH:11
BRDA:15,0,0,0
BRDA:19,1,0,0
BRF:2
BRH:0
end_of_record
TN:
SF:src/task/infrastructure/docs/swagger.ts
FNF:0
FNH:0
DA:1,1
DA:3,1
DA:6,1
DA:9,1
DA:10,1
LF:5
LH:5
BRDA:6,0,0,0
BRDA:6,0,1,1
BRF:2
BRH:1
end_of_record
TN:
SF:src/task/infrastructure/models/task.ts
FNF:0
FNH:0
DA:1,1
DA:3,1
DA:23,1
LF:3
LH:3
BRF:0
BRH:0
end_of_record
TN:
SF:src/task/infrastructure/repository/mongo.ts
FN:6,(anonymous_8)
FN:12,(anonymous_10)
FN:17,(anonymous_12)
FN:25,(anonymous_14)
FN:30,(anonymous_16)
FNF:5
FNH:4
FNDA:4,(anonymous_8)
FNDA:2,(anonymous_10)
FNDA:0,(anonymous_12)
FNDA:1,(anonymous_14)
FNDA:1,(anonymous_16)
DA:3,1
DA:5,1
DA:7,4
DA:8,4
DA:9,4
DA:13,2
DA:14,2
DA:18,0
DA:22,0
DA:26,1
DA:27,1
DA:31,1
DA:32,1
LF:13
LH:11
BRF:0
BRH:0
end_of_record
TN:
SF:src/task/infrastructure/routes/task.routes.ts
FNF:0
FNH:0
DA:1,1
DA:2,1
DA:3,1
DA:4,1
DA:5,1
DA:6,1
DA:8,1
DA:9,1
DA:10,1
DA:11,1
DA:60,1
DA:81,1
DA:109,1
DA:175,1
DA:199,1
DA:201,1
LF:16
LH:16
BRF:0
BRH:0
end_of_record
TN:
SF:src/task/infrastructure/utils/validation.response.ts
FN:3,(anonymous_0)
FN:13,(anonymous_1)
FN:20,(anonymous_2)
FN:28,(anonymous_3)
FN:36,(anonymous_4)
FN:44,(anonymous_5)
FN:52,(anonymous_6)
FNF:7
FNH:5
FNDA:1,(anonymous_0)
FNDA:27,(anonymous_1)
FNDA:4,(anonymous_2)
FNDA:2,(anonymous_3)
FNDA:0,(anonymous_4)
FNDA:0,(anonymous_5)
FNDA:1,(anonymous_6)
DA:3,1
DA:4,1
DA:5,1
DA:6,1
DA:7,1
DA:8,1
DA:9,1
DA:12,1
DA:14,27
DA:21,4
DA:29,2
DA:37,0
DA:45,0
DA:53,1
LF:14
LH:12
BRDA:3,0,0,1
BRDA:3,0,1,1
BRF:2
BRH:2
end_of_record
TN:
SF:src/task/infrastructure/utils/validation.schemas.ts
FN:29,(anonymous_0)
FNF:1
FNH:1
FNDA:26,(anonymous_0)
DA:2,1
DA:4,1
DA:17,1
DA:29,1
DA:34,26
DA:35,26
DA:36,2
DA:38,26
LF:8
LH:8
BRDA:35,0,0,2
BRF:1
BRH:1
end_of_record
TN:
SF:src/test /setup.ts
FN:6,(anonymous_8)
FN:6,(anonymous_9)
FN:12,(anonymous_10)
FN:12,(anonymous_11)
FNF:4
FNH:4
FNDA:1,(anonymous_8)
FNDA:1,(anonymous_9)
FNDA:1,(anonymous_10)
FNDA:1,(anonymous_11)
DA:1,1
DA:2,1
DA:4,1
DA:6,1
DA:7,1
DA:8,1
DA:12,1
DA:13,1
DA:14,1
DA:15,1
LF:10
LH:10
BRDA:7,0,0,1
BRDA:13,1,0,1
BRF:2
BRH:2
end_of_record
TN:
SF:src/user/application/userUseCase.ts
FN:5,(anonymous_7)
FN:7,(anonymous_8)
FN:12,(anonymous_10)
FN:17,(anonymous_12)
FNF:4
FNH:3
FNDA:1,(anonymous_7)
FNDA:11,(anonymous_8)
FNDA:0,(anonymous_10)
FNDA:22,(anonymous_12)
DA:4,1
DA:5,1
DA:8,11
DA:9,11
DA:13,0
DA:14,0
DA:18,22
DA:19,22
LF:8
LH:6
BRF:0
BRH:0
end_of_record
TN:
SF:src/user/infrastructure/controllers/user.ctrl.ts
FN:8,(anonymous_8)
FN:13,(anonymous_9)
FN:13,(anonymous_10)
FN:39,(anonymous_11)
FN:39,(anonymous_12)
FN:63,(anonymous_13)
FN:63,(anonymous_14)
FN:76,(anonymous_15)
FN:76,(anonymous_16)
FNF:9
FNH:5
FNDA:1,(anonymous_8)
FNDA:12,(anonymous_9)
FNDA:12,(anonymous_10)
FNDA:10,(anonymous_11)
FNDA:10,(anonymous_12)
FNDA:0,(anonymous_13)
FNDA:0,(anonymous_14)
FNDA:0,(anonymous_15)
FNDA:0,(anonymous_16)
DA:2,1
DA:4,1
DA:5,1
DA:7,1
DA:9,1
DA:10,1
DA:13,12
DA:14,12
DA:15,12
DA:17,12
DA:18,12
DA:19,1
DA:22,11
DA:24,11
DA:25,11
DA:27,11
DA:28,0
DA:31,11
DA:33,1
DA:34,0
DA:39,10
DA:40,10
DA:41,10
DA:42,10
DA:44,10
DA:45,2
DA:48,8
DA:52,8
DA:53,0
DA:55,8
DA:57,8
DA:59,1
DA:63,1
DA:64,0
DA:65,0
DA:66,0
DA:67,0
DA:70,0
DA:72,0
DA:76,1
DA:77,0
DA:78,0
DA:79,0
DA:81,0
DA:82,0
DA:85,0
DA:87,0
LF:47
LH:31
BRDA:10,0,0,1
BRDA:18,1,0,1
BRDA:27,2,0,0
BRDA:33,3,0,0
BRDA:44,4,0,2
BRDA:52,5,0,0
BRDA:66,6,0,0
BRDA:81,7,0,0
BRF:8
BRH:3
end_of_record
TN:
SF:src/user/infrastructure/models/user.ts
FNF:0
FNH:0
DA:1,1
DA:3,1
DA:8,1
LF:3
LH:3
BRF:0
BRH:0
end_of_record
TN:
SF:src/user/infrastructure/repository/mongo.ts
FN:6,(anonymous_8)
FN:12,(anonymous_10)
FN:17,(anonymous_12)
FNF:3
FNH:2
FNDA:11,(anonymous_8)
FNDA:0,(anonymous_10)
FNDA:22,(anonymous_12)
DA:3,1
DA:5,1
DA:7,11
DA:8,11
DA:9,11
DA:13,0
DA:14,0
DA:18,22
DA:19,22
LF:9
LH:7
BRF:0
BRH:0
end_of_record
TN:
SF:src/user/infrastructure/routes/user.routes.ts
FNF:0
FNH:0
DA:1,1
DA:2,1
DA:3,1
DA:4,1
DA:5,1
DA:10,1
DA:12,1
DA:13,1
DA:14,1
DA:108,1
DA:130,1
DA:155,1
DA:161,1
LF:13
LH:13
BRF:0
BRH:0
end_of_record
TN:
SF:src/user/utils/token.creator.ts
FN:11,(anonymous_1)
FNF:1
FNH:1
FNDA:8,(anonymous_1)
DA:1,1
DA:2,1
DA:3,1
DA:11,1
DA:12,8
DA:13,8
DA:18,8
LF:7
LH:7
BRF:0
BRH:0
end_of_record
TN:
SF:src/user/utils/token.validator.ts
FN:9,validateToken
FNF:1
FNH:1
FNDA:11,validateToken
DA:2,1
DA:3,1
DA:4,1
DA:9,1
DA:14,11
DA:15,11
DA:17,11
DA:18,0
DA:19,0
DA:22,11
DA:24,11
DA:25,0
DA:26,0
DA:29,11
DA:31,11
DA:32,0
DA:33,0
DA:37,11
DA:38,11
DA:40,3
DA:41,3
DA:44,8
DA:45,0
DA:46,0
DA:49,8
DA:50,8
LF:26
LH:18
BRDA:17,0,0,0
BRDA:24,1,0,0
BRDA:31,2,0,0
BRDA:44,3,0,0
BRF:4
BRH:0
end_of_record
